Arguments: 
  C:\Program Files\nodejs\node.exe C:\Program Files\nodejs\node_modules\yarn\bin\yarn.js install

PATH: 
  C:\WINDOWS\system32;C:\WINDOWS;C:\WINDOWS\System32\Wbem;C:\WINDOWS\System32\WindowsPowerShell\v1.0\;C:\WINDOWS\System32\OpenSSH\;C:\ProgramData\ComposerSetup\bin;C:\Program Files\Git\cmdC:\Users\Weslley\AppData\Roaming\nvm;C:\Ruby30-x64\binC:\Program Files\PostgreSQL\14\binC:\Program Files (x86)\dotnet\C:\Program Files (x86)\Bitvise SSH Client;C:\Program Files (x86)\AOMEI\AOMEI Backupper\6.9.1;C:\Program Files\Docker\Docker\resources\bin;C:\ProgramData\DockerDesktop\version-bin;C:\MAMP\bin\php\php7.4.16;C:\Ruby30-x64\bin;C:\MAMP\bin\php\php7.4.1;C:\Users\Weslley\.windows-build-tools\python27\;C:\Users\Weslley\AppData\Local\Programs\Python\Python36\Scripts\;C:\Users\Weslley\AppData\Local\Programs\Python\Python36\;C:\Users\Weslley\AppData\Local\Programs\Python\Python39\Scripts\;C:\Users\Weslley\AppData\Local\Programs\Python\Python39\;C:\Users\Weslley\AppData\Local\Microsoft\WindowsApps;C:\Program Files\JetBrains\WebStorm 2020.2\bin;C:\Program Files\JetBrains\DataGrip 2020.2\bin;C:\wp-cli;C:\Users\Weslley\AppData\Roaming\nvm;C:\Program Files\nodejs;C:\Users\Weslley\AppData\Roaming\nvm;C:\Program Files\nodejs;C:\Program Files\Git\bin;C:\Users\Weslley\AppData\Local\Microsoft\WindowsApps;;C:\Program Files\JetBrains\IntelliJ IDEA 2021.3.1\bin;;D:\Projekte\IT\temp\nestjs-admin-panel\node_modules\.bin

Yarn version: 
  1.22.18

Node version: 
  16.10.0

Platform: 
  win32 x64

Trace: 
  Error: EPERM: operation not permitted, unlink 'D:\Projekte\IT\temp\nestjs-admin-panel\node_modules\@parcel\watcher\prebuilds\win32-x64\node.napi.glibc.node'

npm manifest: 
  {
    "name": "movit",
    "version": "0.0.1",
    "license": "",
    "scripts": {
      "ng": "nx",
      "start": "ts-node src/index.ts",
      "build": "npm run build:app && npm run build:api",
      "build:app": "npm run app:build:app-auth && npm run app:build:app-business",
      "build:api": "nx build api-auth && nx build api-business",
      "typeorm": "node --require ts-node/register ./node_modules/typeorm/cli.js",
      "typeorm:migrate": "npm run typeorm migration:generate -- -n",
      "typeorm:create": "npm run typeorm migration:create --n",
      "typeorm:run": "npm run typeorm migration:run",
      "app:build:app-auth": "nx build app-auth --configuration=development",
      "app:start:app-auth": "nx build app-auth --watch --configuration=development",
      "app:start:app-start": "nx build app-start --watch  --configuration=development",
      "app:start:app-business": "nx build app-business --watch --configuration=development",
      "app:build:app-business": "nx build app-business --configuration=development",
      "api:start:api-business": "nx build api-business --watch",
      "postinstall": "ngcc --properties es2015 browser module main",
      "docker:build": "docker image build --tag admin-framework  --progress plain --file Dockerfile ."
    },
    "private": true,
    "dependencies": {
      "@angular/animations": "13.3.3",
      "@angular/common": "13.3.3",
      "@angular/compiler": "13.3.3",
      "@angular/core": "13.3.3",
      "@angular/forms": "13.3.3",
      "@angular/platform-browser": "13.3.3",
      "@angular/platform-browser-dynamic": "13.3.3",
      "@angular/platform-server": "13.3.3",
      "@angular/router": "13.3.3",
      "@capacitor/core": "^3.4.0",
      "@ionic/angular": "^6.0.5",
      "@nestjs/common": "^8.2.6",
      "@nestjs/config": "^1.1.6",
      "@nestjs/core": "^8.2.6",
      "@nestjs/jwt": "^8.0.0",
      "@nestjs/passport": "^8.1.0",
      "@nestjs/platform-express": "^8.2.6",
      "@nestjs/schedule": "^1.1.0",
      "@nestjs/typeorm": "^8.0.3",
      "@ngx-translate/core": "^14.0.0",
      "@nrwl/angular": "13.7.2",
      "@nxtend/capacitor": "13.0.0",
      "@nxtend/ionic-angular": "13.0.0",
      "@popperjs/core": "^2.11.2",
      "angular-cacheable": "^0.1.1",
      "bcryptjs": "^2.4.3",
      "bexio": "^3.0.0",
      "bootstrap": "^5.1.3",
      "class-transformer": "^0.5.1",
      "class-validator": "^0.13.2",
      "cookie-parser": "^1.4.6",
      "crypto-js": "^4.1.1",
      "mysql2": "^2.3.3",
      "ng-zorro-antd": "^13.1.1",
      "nodemailer": "^6.7.3",
      "passport": "^0.5.2",
      "passport-jwt": "^4.0.0",
      "reflect-metadata": "^0.1.13",
      "rxjs": "~7.4.0",
      "tslib": "^2.0.0",
      "typeorm": "^0.2.45",
      "zone.js": "~0.11.4"
    },
    "devDependencies": {
      "@angular-devkit/build-angular": "13.3.3",
      "@angular-eslint/eslint-plugin": "~13.0.1",
      "@angular-eslint/eslint-plugin-template": "~13.0.1",
      "@angular-eslint/template-parser": "~13.0.1",
      "@angular/cli": "13.3.3",
      "@angular/compiler-cli": "13.3.3",
      "@angular/language-service": "13.3.3",
      "@capacitor/android": "^3.4.0",
      "@capacitor/cli": "^3.4.0",
      "@capacitor/ios": "^3.4.0",
      "@nestjs/schematics": "^8.0.5",
      "@nestjs/testing": "^8.2.6",
      "@nrwl/angular": "13.10.2",
      "@nrwl/cli": "13.10.2",
      "@nrwl/cypress": "13.10.2",
      "@nrwl/eslint-plugin-nx": "13.10.2",
      "@nrwl/jest": "13.10.2",
      "@nrwl/linter": "13.10.2",
      "@nrwl/nest": "13.10.2",
      "@nrwl/node": "13.10.2",
      "@nrwl/workspace": "13.10.2",
      "@nxtend/capacitor": "^13.0.0",
      "@types/bcryptjs": "^2.4.2",
      "@types/cookie-parser": "1.4.2",
      "@types/jest": "27.0.2",
      "@types/node": "^17.0.14",
      "@typescript-eslint/eslint-plugin": "5.18.0",
      "@typescript-eslint/parser": "5.18.0",
      "cypress": "^9.1.0",
      "eslint": "8.12.0",
      "eslint-config-prettier": "8.1.0",
      "eslint-plugin-cypress": "^2.10.3",
      "jest": "27.2.3",
      "jest-preset-angular": "11.1.1",
      "nx": "13.10.2",
      "prettier": "2.5.1",
      "ts-jest": "27.0.5",
      "ts-node": "3.3.0",
      "typescript": "4.6.3"
    }
  }

yarn manifest: 
  No manifest

Lockfile: 
  No lockfile
